Using pre-set license
Built from '2020.3/staging' branch; Version is '2020.3.21f1 (a38c86f6690f) revision 10718342'; Using compiler version '192528614'; Build Type 'Release'
OS: 'Windows 10 Pro; OS build 19042.1288; Version 2009; 64bit' Language: 'pt' Physical Memory: 8140 MB
BatchMode: 1, IsHumanControllingUs: 0, StartBugReporterOnCrash: 0, Is64bit: 1, IsPro: 0

COMMAND LINE ARGUMENTS:
D:\Unity\2020.3.21f1\Editor\Unity.exe
-adb2
-batchMode
-noUpm
-name
AssetImportWorker0
-projectPath
D:/Unity/pp_grupo10/PP_Grupo10
-logFile
Logs/AssetImportWorker0.log
-srvPort
62503
Successfully changed project path to: D:/Unity/pp_grupo10/PP_Grupo10
D:/Unity/pp_grupo10/PP_Grupo10
Using Asset Import Pipeline V2.
Refreshing native plugins compatible for Editor in 33.87 ms, found 2 plugins.
Preloading 0 native plugins for Editor in 0.00 ms.
Initialize engine version: 2020.3.21f1 (a38c86f6690f)
[Subsystems] Discovering subsystems at path D:/Unity/2020.3.21f1/Editor/Data/Resources/UnitySubsystems
[Subsystems] Discovering subsystems at path D:/Unity/pp_grupo10/PP_Grupo10/Assets
GfxDevice: creating device client; threaded=0
Direct3D:
    Version:  Direct3D 11.0 [level 11.0]
    Renderer: NVIDIA GeForce GTX 750 Ti (ID=0x1380)
    Vendor:   
    VRAM:     2007 MB
    Driver:   30.0.14.7196
Initialize mono
Mono path[0] = 'D:/Unity/2020.3.21f1/Editor/Data/Managed'
Mono path[1] = 'D:/Unity/2020.3.21f1/Editor/Data/MonoBleedingEdge/lib/mono/unityjit'
Mono config path = 'D:/Unity/2020.3.21f1/Editor/Data/MonoBleedingEdge/etc'
Using monoOptions --debugger-agent=transport=dt_socket,embedding=1,server=y,suspend=n,address=127.0.0.1:56268
Begin MonoManager ReloadAssembly
Registering precompiled unity dll's ...
Register platform support module: D:/Unity/2020.3.21f1/Editor/Data/PlaybackEngines/WindowsStandaloneSupport/UnityEditor.WindowsStandalone.Extensions.dll
Registered in 0.001074 seconds.
Native extension for WindowsStandalone target not found
Refreshing native plugins compatible for Editor in 33.38 ms, found 2 plugins.
Preloading 0 native plugins for Editor in 0.00 ms.
Mono: successfully reloaded assembly
- Completed reload, in  0.923 seconds
Domain Reload Profiling:
	ReloadAssembly (924ms)
		BeginReloadAssembly (50ms)
			ExecutionOrderSort (0ms)
			DisableScriptedObjects (0ms)
			BackupInstance (0ms)
			ReleaseScriptingObjects (0ms)
			CreateAndSetChildDomain (1ms)
		EndReloadAssembly (422ms)
			LoadAssemblies (49ms)
			RebuildTransferFunctionScriptingTraits (0ms)
			SetupTypeCache (148ms)
			ReleaseScriptCaches (0ms)
			RebuildScriptCaches (29ms)
			SetupLoadedEditorAssemblies (158ms)
				LogAssemblyErrors (0ms)
				InitializePlatformSupportModulesInManaged (4ms)
				SetLoadedEditorAssemblies (0ms)
				RefreshPlugins (33ms)
				BeforeProcessingInitializeOnLoad (8ms)
				ProcessInitializeOnLoadAttributes (83ms)
				ProcessInitializeOnLoadMethodAttributes (29ms)
				AfterProcessingInitializeOnLoad (0ms)
				EditorAssembliesLoaded (0ms)
			ExecutionOrderSort2 (0ms)
			AwakeInstancesAfterBackupRestoration (0ms)
Platform modules already initialized, skipping
Registering precompiled user dll's ...
Registered in 0.003251 seconds.
Begin MonoManager ReloadAssembly
Native extension for WindowsStandalone target not found
Refreshing native plugins compatible for Editor in 33.03 ms, found 2 plugins.
Preloading 0 native plugins for Editor in 0.00 ms.
Mono: successfully reloaded assembly
- Completed reload, in  1.293 seconds
Domain Reload Profiling:
	ReloadAssembly (1293ms)
		BeginReloadAssembly (143ms)
			ExecutionOrderSort (0ms)
			DisableScriptedObjects (5ms)
			BackupInstance (0ms)
			ReleaseScriptingObjects (0ms)
			CreateAndSetChildDomain (18ms)
		EndReloadAssembly (1090ms)
			LoadAssemblies (83ms)
			RebuildTransferFunctionScriptingTraits (0ms)
			SetupTypeCache (279ms)
			ReleaseScriptCaches (0ms)
			RebuildScriptCaches (44ms)
			SetupLoadedEditorAssemblies (569ms)
				LogAssemblyErrors (0ms)
				InitializePlatformSupportModulesInManaged (4ms)
				SetLoadedEditorAssemblies (0ms)
				RefreshPlugins (33ms)
				BeforeProcessingInitializeOnLoad (51ms)
				ProcessInitializeOnLoadAttributes (470ms)
				ProcessInitializeOnLoadMethodAttributes (9ms)
				AfterProcessingInitializeOnLoad (3ms)
				EditorAssembliesLoaded (0ms)
			ExecutionOrderSort2 (0ms)
			AwakeInstancesAfterBackupRestoration (7ms)
Platform modules already initialized, skipping
========================================================================
Worker process is ready to serve import requests
Launched and connected shader compiler UnityShaderCompiler.exe after 0.05 seconds
Refreshing native plugins compatible for Editor in 0.42 ms, found 2 plugins.
Preloading 0 native plugins for Editor in 0.00 ms.
Unloading 1679 Unused Serialized files (Serialized files now loaded: 0)
System memory in use before: 100.0 MB.
System memory in use after: 99.9 MB.

Unloading 31 unused Assets to reduce memory usage. Loaded Objects now: 2149.
Total: 3.735400 ms (FindLiveObjects: 0.336000 ms CreateObjectMapping: 0.044300 ms MarkObjects: 3.137900 ms  DeleteObjects: 0.215400 ms)

AssetImportParameters requested are different than current active one (requested -> active):
  custom:framework-win-MediaFoundation: 216162199b28c13a410421893ffa2e32 -> 
  custom:video-decoder-ogg-theora: a1e56fd34408186e4bbccfd4996cb3dc -> 
  custom:container-muxer-webm: aa71ff27fc2769a1b78a27578f13a17b -> 
  custom:container-demuxer-webm: 4f35f7cbe854078d1ac9338744f61a02 -> 
  custom:container-demuxer-ogg: 62fdf1f143b41e24485cea50d1cbac27 -> 
  custom:video-encoder-webm-vp8: eb34c28f22e8b96e1ab97ce403110664 -> 
  custom:video-decoder-webm-vp8: 9c59270c3fd7afecdb556c50c9e8de78 -> 
  custom:audio-decoder-ogg-vorbis: bf7c407c2cedff20999df2af8eb42d56 -> 
  custom:audio-encoder-webm-vorbis: bf7c407c2cedff20999df2af8eb42d56 -> 
========================================================================
Received Import Request.
  path: Assets/Terrain/Terrain_0_0_252c733a-68b6-49d9-9abf-0b752b50df7e.asset
  artifactKey: Guid(eba5f3b73c1812b4180b5536f06acfd4) Importer(815301076,1909f56bfc062723c751e8b465ee728b)
Start importing Assets/Terrain/Terrain_0_0_252c733a-68b6-49d9-9abf-0b752b50df7e.asset using Guid(eba5f3b73c1812b4180b5536f06acfd4) Importer(815301076,1909f56bfc062723c751e8b465ee728b)  -> (artifact id: '376a224fc01bc390233b43bbf8f3c53d') in 0.069131 seconds 
  Import took 0.071856 seconds .

========================================================================
Received Import Request.
  Time since last request: 17.308625 seconds.
  path: Assets/Materials/Road 3.mat
  artifactKey: Guid(79415a1ae5baabb4f80f50ade6460310) Importer(815301076,1909f56bfc062723c751e8b465ee728b)
Start importing Assets/Materials/Road 3.mat using Guid(79415a1ae5baabb4f80f50ade6460310) Importer(815301076,1909f56bfc062723c751e8b465ee728b)  -> (artifact id: '0f915ebda73f1438be6793882fa98f82') in 0.065989 seconds 
  Import took 0.068744 seconds .

========================================================================
Received Import Request.
  Time since last request: 636.796042 seconds.
  path: Assets/Samples/Terrain Tools/0.1.0-preview/Terrain Assets/TerrainLayers/dirt.terrainlayer
  artifactKey: Guid(c25f012d8eaba684b9a392d71f427372) Importer(815301076,1909f56bfc062723c751e8b465ee728b)
Start importing Assets/Samples/Terrain Tools/0.1.0-preview/Terrain Assets/TerrainLayers/dirt.terrainlayer using Guid(c25f012d8eaba684b9a392d71f427372) Importer(815301076,1909f56bfc062723c751e8b465ee728b)  -> (artifact id: '75639afab526f46a3982e6a64017f993') in 0.012822 seconds 
  Import took 0.015817 seconds .

========================================================================
Received Import Request.
  Time since last request: 0.000240 seconds.
  path: Assets/Samples/Terrain Tools/0.1.0-preview/Terrain Assets/TerrainLayers/scree.terrainlayer
  artifactKey: Guid(6a3097ee6a39c594e8c63dae726b2278) Importer(815301076,1909f56bfc062723c751e8b465ee728b)
Start importing Assets/Samples/Terrain Tools/0.1.0-preview/Terrain Assets/TerrainLayers/scree.terrainlayer using Guid(6a3097ee6a39c594e8c63dae726b2278) Importer(815301076,1909f56bfc062723c751e8b465ee728b)  -> (artifact id: '37947a9b844294e8de7087e7d9525780') in 0.011036 seconds 
  Import took 0.014007 seconds .

========================================================================
Received Import Request.
  Time since last request: 0.000344 seconds.
  path: Assets/Samples/Terrain Tools/0.1.0-preview/Terrain Assets/TerrainLayers/sand.terrainlayer
  artifactKey: Guid(aa7afa2eb72909e4d8083508573d955f) Importer(815301076,1909f56bfc062723c751e8b465ee728b)
Start importing Assets/Samples/Terrain Tools/0.1.0-preview/Terrain Assets/TerrainLayers/sand.terrainlayer using Guid(aa7afa2eb72909e4d8083508573d955f) Importer(815301076,1909f56bfc062723c751e8b465ee728b)  -> (artifact id: 'b346c382fc301cdfd77a57eacb214ae8') in 0.005553 seconds 
  Import took 0.010010 seconds .

========================================================================
Received Import Request.
  Time since last request: 0.000213 seconds.
  path: Assets/Samples/Terrain Tools/0.1.0-preview/Terrain Assets/TerrainLayers/snow.terrainlayer
  artifactKey: Guid(34a7124a250b6314f803cba5555e7faa) Importer(815301076,1909f56bfc062723c751e8b465ee728b)
Start importing Assets/Samples/Terrain Tools/0.1.0-preview/Terrain Assets/TerrainLayers/snow.terrainlayer using Guid(34a7124a250b6314f803cba5555e7faa) Importer(815301076,1909f56bfc062723c751e8b465ee728b)  -> (artifact id: '9d5cd367b8c4f10618b510dc6b9c6978') in 0.005424 seconds 
  Import took 0.009377 seconds .

========================================================================
Received Import Request.
  Time since last request: 0.000196 seconds.
  path: Assets/Samples/Terrain Tools/0.1.0-preview/Terrain Assets/TerrainLayers/moss.terrainlayer
  artifactKey: Guid(56b2820651de357459e8d89d2b4f3f05) Importer(815301076,1909f56bfc062723c751e8b465ee728b)
Start importing Assets/Samples/Terrain Tools/0.1.0-preview/Terrain Assets/TerrainLayers/moss.terrainlayer using Guid(56b2820651de357459e8d89d2b4f3f05) Importer(815301076,1909f56bfc062723c751e8b465ee728b)  -> (artifact id: 'a7702d571828c44f281413fb5153358b') in 0.009846 seconds 
  Import took 0.013283 seconds .

========================================================================
Received Import Request.
  Time since last request: 0.000274 seconds.
  path: Assets/Samples/Terrain Tools/0.1.0-preview/Terrain Assets/TerrainLayers/rock.terrainlayer
  artifactKey: Guid(716937fe861ba6748bfd599e6802e70a) Importer(815301076,1909f56bfc062723c751e8b465ee728b)
Start importing Assets/Samples/Terrain Tools/0.1.0-preview/Terrain Assets/TerrainLayers/rock.terrainlayer using Guid(716937fe861ba6748bfd599e6802e70a) Importer(815301076,1909f56bfc062723c751e8b465ee728b)  -> (artifact id: '016a166b8e2eaddb09d444286744ff21') in 0.007894 seconds 
  Import took 0.011309 seconds .

========================================================================
Received Import Request.
  Time since last request: 21.339253 seconds.
  path: Assets/Samples/Terrain Tools/0.1.0-preview/Terrain Assets/TerrainLayers
  artifactKey: Guid(8e20acebdea53ef48834fdda56653c96) Importer(815301076,1909f56bfc062723c751e8b465ee728b)
Start importing Assets/Samples/Terrain Tools/0.1.0-preview/Terrain Assets/TerrainLayers using Guid(8e20acebdea53ef48834fdda56653c96) Importer(815301076,1909f56bfc062723c751e8b465ee728b)  -> (artifact id: '0f5040c7f08ae02b605b843930805b24') in 0.006306 seconds 
  Import took 0.008984 seconds .

========================================================================
Received Prepare
Registering precompiled user dll's ...
Registered in 0.003757 seconds.
Begin MonoManager ReloadAssembly
Native extension for WindowsStandalone target not found
Refreshing native plugins compatible for Editor in 0.48 ms, found 2 plugins.
Preloading 0 native plugins for Editor in 0.00 ms.
Mono: successfully reloaded assembly
- Completed reload, in  1.300 seconds
Domain Reload Profiling:
	ReloadAssembly (1301ms)
		BeginReloadAssembly (125ms)
			ExecutionOrderSort (0ms)
			DisableScriptedObjects (4ms)
			BackupInstance (0ms)
			ReleaseScriptingObjects (0ms)
			CreateAndSetChildDomain (43ms)
		EndReloadAssembly (1112ms)
			LoadAssemblies (90ms)
			RebuildTransferFunctionScriptingTraits (0ms)
			SetupTypeCache (298ms)
			ReleaseScriptCaches (1ms)
			RebuildScriptCaches (40ms)
			SetupLoadedEditorAssemblies (585ms)
				LogAssemblyErrors (0ms)
				InitializePlatformSupportModulesInManaged (5ms)
				SetLoadedEditorAssemblies (0ms)
				RefreshPlugins (1ms)
				BeforeProcessingInitializeOnLoad (48ms)
				ProcessInitializeOnLoadAttributes (519ms)
				ProcessInitializeOnLoadMethodAttributes (9ms)
				AfterProcessingInitializeOnLoad (3ms)
				EditorAssembliesLoaded (0ms)
			ExecutionOrderSort2 (0ms)
			AwakeInstancesAfterBackupRestoration (7ms)
Platform modules already initialized, skipping
Refreshing native plugins compatible for Editor in 0.57 ms, found 2 plugins.
Preloading 0 native plugins for Editor in 0.00 ms.
Unloading 1635 Unused Serialized files (Serialized files now loaded: 0)
System memory in use before: 99.4 MB.
System memory in use after: 99.4 MB.

Unloading 16 unused Assets to reduce memory usage. Loaded Objects now: 2194.
Total: 3.674300 ms (FindLiveObjects: 0.269200 ms CreateObjectMapping: 0.039600 ms MarkObjects: 3.193000 ms  DeleteObjects: 0.170700 ms)

AssetImportParameters requested are different than current active one (requested -> active):
  custom:framework-win-MediaFoundation: 216162199b28c13a410421893ffa2e32 -> 
  custom:video-decoder-ogg-theora: a1e56fd34408186e4bbccfd4996cb3dc -> 
  custom:container-muxer-webm: aa71ff27fc2769a1b78a27578f13a17b -> 
  custom:container-demuxer-webm: 4f35f7cbe854078d1ac9338744f61a02 -> 
  custom:container-demuxer-ogg: 62fdf1f143b41e24485cea50d1cbac27 -> 
  custom:video-encoder-webm-vp8: eb34c28f22e8b96e1ab97ce403110664 -> 
  custom:video-decoder-webm-vp8: 9c59270c3fd7afecdb556c50c9e8de78 -> 
  custom:audio-decoder-ogg-vorbis: bf7c407c2cedff20999df2af8eb42d56 -> 
  custom:audio-encoder-webm-vorbis: bf7c407c2cedff20999df2af8eb42d56 -> 
========================================================================
Received Import Request.
  Time since last request: 186.087939 seconds.
  path: Assets/Samples/Terrain Tools/0.1.0-preview/Terrain Assets/ThirdPartyNotices.txt
  artifactKey: Guid(408677bd09874114a90a745e08fd2112) Importer(815301076,1909f56bfc062723c751e8b465ee728b)
Start importing Assets/Samples/Terrain Tools/0.1.0-preview/Terrain Assets/ThirdPartyNotices.txt using Guid(408677bd09874114a90a745e08fd2112) Importer(815301076,1909f56bfc062723c751e8b465ee728b)  -> (artifact id: '880182442b4143346449ca7c80d2f966') in 0.026452 seconds 
  Import took 0.030108 seconds .

========================================================================
Received Import Request.
  Time since last request: 2.329127 seconds.
  path: Assets/Samples/Terrain Tools/0.1.0-preview/Terrain Assets/TerrainTextures
  artifactKey: Guid(caa608aed10c4ac40ad6a566f8b777ae) Importer(815301076,1909f56bfc062723c751e8b465ee728b)
Start importing Assets/Samples/Terrain Tools/0.1.0-preview/Terrain Assets/TerrainTextures using Guid(caa608aed10c4ac40ad6a566f8b777ae) Importer(815301076,1909f56bfc062723c751e8b465ee728b)  -> (artifact id: 'e2aac122f32d46133dacda8676a7c5e3') in 0.007702 seconds 
  Import took 0.011112 seconds .

========================================================================
Received Import Request.
  Time since last request: 1.835028 seconds.
  path: Assets/Samples/Terrain Tools/0.1.0-preview/Terrain Assets/TerrainTextures/Materials
  artifactKey: Guid(b50ed055ee2a00743b7c3ba493c26fd2) Importer(815301076,1909f56bfc062723c751e8b465ee728b)
Start importing Assets/Samples/Terrain Tools/0.1.0-preview/Terrain Assets/TerrainTextures/Materials using Guid(b50ed055ee2a00743b7c3ba493c26fd2) Importer(815301076,1909f56bfc062723c751e8b465ee728b)  -> (artifact id: '371d79a47c576950a1dc473f2e287b94') in 0.005688 seconds 
  Import took 0.009371 seconds .

========================================================================
Received Import Request.
  Time since last request: 0.063090 seconds.
  path: Assets/Samples/Terrain Tools/0.1.0-preview/Terrain Assets/TerrainTextures/Materials/rock_albedo.mat
  artifactKey: Guid(3d0268db302471f4eb510594435f48ed) Importer(815301076,1909f56bfc062723c751e8b465ee728b)
Start importing Assets/Samples/Terrain Tools/0.1.0-preview/Terrain Assets/TerrainTextures/Materials/rock_albedo.mat using Guid(3d0268db302471f4eb510594435f48ed) Importer(815301076,1909f56bfc062723c751e8b465ee728b)  -> (artifact id: '230a42b9b9c65af7b8268817041a9ea4') in 0.048070 seconds 
  Import took 0.052112 seconds .

========================================================================
Received Import Request.
  Time since last request: 11.240732 seconds.
  path: Assets/SHADED - FREE Retro Car/Materials/SHADED_FRC_Texture_Atlas.mat
  artifactKey: Guid(d7b052e2b6aeeff488481dceeeacb95e) Importer(815301076,1909f56bfc062723c751e8b465ee728b)
Start importing Assets/SHADED - FREE Retro Car/Materials/SHADED_FRC_Texture_Atlas.mat using Guid(d7b052e2b6aeeff488481dceeeacb95e) Importer(815301076,1909f56bfc062723c751e8b465ee728b)  -> (artifact id: 'f2fbeeaf72bcc21dbdc43430b2853c89') in 0.020575 seconds 
  Import took 0.024251 seconds .

========================================================================
Received Import Request.
  Time since last request: 3.443472 seconds.
  path: Assets/SHADED - FREE Retro Car/Prefabs With Colliders/FREE_Retro_Car_Beige.prefab
  artifactKey: Guid(ec8550df4628b9b44a042019dfff6047) Importer(815301076,1909f56bfc062723c751e8b465ee728b)
Start importing Assets/SHADED - FREE Retro Car/Prefabs With Colliders/FREE_Retro_Car_Beige.prefab using Guid(ec8550df4628b9b44a042019dfff6047) Importer(815301076,1909f56bfc062723c751e8b465ee728b)  -> (artifact id: '9212c68409cc70951842cbe0130834cb') in 0.041463 seconds 
  Import took 0.045110 seconds .

========================================================================
Received Import Request.
  Time since last request: 0.000170 seconds.
  path: Assets/SHADED - FREE Retro Car/Prefabs With Colliders/FREE_Retro_Car_Pink.prefab
  artifactKey: Guid(4b50f01b9c192c8449e98c843e920eb7) Importer(815301076,1909f56bfc062723c751e8b465ee728b)
Start importing Assets/SHADED - FREE Retro Car/Prefabs With Colliders/FREE_Retro_Car_Pink.prefab using Guid(4b50f01b9c192c8449e98c843e920eb7) Importer(815301076,1909f56bfc062723c751e8b465ee728b)  -> (artifact id: '200786e5a7bba3a148ff09568579f0f1') in 0.017425 seconds 
  Import took 0.020908 seconds .

========================================================================
Received Import Request.
  Time since last request: 0.000188 seconds.
  path: Assets/SHADED - FREE Retro Car/Prefabs With Colliders/FREE_Retro_Car_Yellow.prefab
  artifactKey: Guid(a806cbaa553f7be4bbdb2e810fe9f8f2) Importer(815301076,1909f56bfc062723c751e8b465ee728b)
Start importing Assets/SHADED - FREE Retro Car/Prefabs With Colliders/FREE_Retro_Car_Yellow.prefab using Guid(a806cbaa553f7be4bbdb2e810fe9f8f2) Importer(815301076,1909f56bfc062723c751e8b465ee728b)  -> (artifact id: '1966161e18beb5f6c5ee444aa0e01cfd') in 0.016663 seconds 
  Import took 0.020165 seconds .

========================================================================
Received Import Request.
  Time since last request: 0.000257 seconds.
  path: Assets/SHADED - FREE Retro Car/Prefabs With Colliders/FREE_Retro_Car_Red.prefab
  artifactKey: Guid(5e6116faab3e30f4f976f3f20f408729) Importer(815301076,1909f56bfc062723c751e8b465ee728b)
Start importing Assets/SHADED - FREE Retro Car/Prefabs With Colliders/FREE_Retro_Car_Red.prefab using Guid(5e6116faab3e30f4f976f3f20f408729) Importer(815301076,1909f56bfc062723c751e8b465ee728b)  -> (artifact id: '4815e20675cdfccef915df3f429326f0') in 0.017511 seconds 
  Import took 0.020421 seconds .

AssetImportWorkerClient::OnTransportError - code=2 error=End of file
