Using pre-set license
Built from '2020.3/staging' branch; Version is '2020.3.21f1 (a38c86f6690f) revision 10718342'; Using compiler version '192528614'; Build Type 'Release'
OS: 'Windows 10 Home Single Language; OS build 19043.1288; Version 2009; 64bit' Language: 'pt' Physical Memory: 8101 MB
BatchMode: 1, IsHumanControllingUs: 0, StartBugReporterOnCrash: 0, Is64bit: 1, IsPro: 0

COMMAND LINE ARGUMENTS:
C:\Program Files\Unity\Hub\Editor\2020.3.21f1\Editor\Unity.exe
-adb2
-batchMode
-noUpm
-name
AssetImportWorker0
-projectPath
C:/Users/gabri/Desktop/Projeto PG/PP_Grupo10
-logFile
Logs/AssetImportWorker0.log
-srvPort
64601
Successfully changed project path to: C:/Users/gabri/Desktop/Projeto PG/PP_Grupo10
C:/Users/gabri/Desktop/Projeto PG/PP_Grupo10
Using Asset Import Pipeline V2.
Refreshing native plugins compatible for Editor in 107.68 ms, found 2 plugins.
Preloading 0 native plugins for Editor in 0.00 ms.
Initialize engine version: 2020.3.21f1 (a38c86f6690f)
[Subsystems] Discovering subsystems at path C:/Program Files/Unity/Hub/Editor/2020.3.21f1/Editor/Data/Resources/UnitySubsystems
[Subsystems] Discovering subsystems at path C:/Users/gabri/Desktop/Projeto PG/PP_Grupo10/Assets
GfxDevice: creating device client; threaded=0
Direct3D:
    Version:  Direct3D 11.0 [level 11.1]
    Renderer: NVIDIA GeForce MX150 (ID=0x1d10)
    Vendor:   
    VRAM:     1983 MB
    Driver:   26.21.14.4614
Initialize mono
Mono path[0] = 'C:/Program Files/Unity/Hub/Editor/2020.3.21f1/Editor/Data/Managed'
Mono path[1] = 'C:/Program Files/Unity/Hub/Editor/2020.3.21f1/Editor/Data/MonoBleedingEdge/lib/mono/unityjit'
Mono config path = 'C:/Program Files/Unity/Hub/Editor/2020.3.21f1/Editor/Data/MonoBleedingEdge/etc'
Using monoOptions --debugger-agent=transport=dt_socket,embedding=1,server=y,suspend=n,address=127.0.0.1:56560
Begin MonoManager ReloadAssembly
Registering precompiled unity dll's ...
Register platform support module: C:/Program Files/Unity/Hub/Editor/2020.3.21f1/Editor/Data/PlaybackEngines/WindowsStandaloneSupport/UnityEditor.WindowsStandalone.Extensions.dll
Registered in 0.004839 seconds.
Native extension for WindowsStandalone target not found
Refreshing native plugins compatible for Editor in 75.19 ms, found 2 plugins.
Preloading 0 native plugins for Editor in 0.00 ms.
Mono: successfully reloaded assembly
- Completed reload, in  2.648 seconds
Domain Reload Profiling:
	ReloadAssembly (2648ms)
		BeginReloadAssembly (135ms)
			ExecutionOrderSort (0ms)
			DisableScriptedObjects (0ms)
			BackupInstance (0ms)
			ReleaseScriptingObjects (0ms)
			CreateAndSetChildDomain (2ms)
		EndReloadAssembly (1124ms)
			LoadAssemblies (130ms)
			RebuildTransferFunctionScriptingTraits (0ms)
			SetupTypeCache (402ms)
			ReleaseScriptCaches (0ms)
			RebuildScriptCaches (75ms)
			SetupLoadedEditorAssemblies (386ms)
				LogAssemblyErrors (0ms)
				InitializePlatformSupportModulesInManaged (11ms)
				SetLoadedEditorAssemblies (1ms)
				RefreshPlugins (75ms)
				BeforeProcessingInitializeOnLoad (28ms)
				ProcessInitializeOnLoadAttributes (206ms)
				ProcessInitializeOnLoadMethodAttributes (65ms)
				AfterProcessingInitializeOnLoad (0ms)
				EditorAssembliesLoaded (0ms)
			ExecutionOrderSort2 (0ms)
			AwakeInstancesAfterBackupRestoration (0ms)
Platform modules already initialized, skipping
Registering precompiled user dll's ...
Registered in 0.087998 seconds.
Begin MonoManager ReloadAssembly
Native extension for WindowsStandalone target not found
Refreshing native plugins compatible for Editor in 0.67 ms, found 2 plugins.
Preloading 0 native plugins for Editor in 0.00 ms.
Mono: successfully reloaded assembly
- Completed reload, in  2.869 seconds
Domain Reload Profiling:
	ReloadAssembly (2871ms)
		BeginReloadAssembly (351ms)
			ExecutionOrderSort (0ms)
			DisableScriptedObjects (13ms)
			BackupInstance (0ms)
			ReleaseScriptingObjects (0ms)
			CreateAndSetChildDomain (39ms)
		EndReloadAssembly (2379ms)
			LoadAssemblies (224ms)
			RebuildTransferFunctionScriptingTraits (0ms)
			SetupTypeCache (660ms)
			ReleaseScriptCaches (1ms)
			RebuildScriptCaches (92ms)
			SetupLoadedEditorAssemblies (1142ms)
				LogAssemblyErrors (0ms)
				InitializePlatformSupportModulesInManaged (13ms)
				SetLoadedEditorAssemblies (1ms)
				RefreshPlugins (1ms)
				BeforeProcessingInitializeOnLoad (227ms)
				ProcessInitializeOnLoadAttributes (843ms)
				ProcessInitializeOnLoadMethodAttributes (31ms)
				AfterProcessingInitializeOnLoad (25ms)
				EditorAssembliesLoaded (1ms)
			ExecutionOrderSort2 (0ms)
			AwakeInstancesAfterBackupRestoration (22ms)
Platform modules already initialized, skipping
========================================================================
Worker process is ready to serve import requests
Launched and connected shader compiler UnityShaderCompiler.exe after 0.33 seconds
Refreshing native plugins compatible for Editor in 0.60 ms, found 2 plugins.
Preloading 0 native plugins for Editor in 0.00 ms.
Unloading 1488 Unused Serialized files (Serialized files now loaded: 0)
System memory in use before: 79.3 MB.
System memory in use after: 79.3 MB.

Unloading 19 unused Assets to reduce memory usage. Loaded Objects now: 1934.
Total: 6.382200 ms (FindLiveObjects: 0.268500 ms CreateObjectMapping: 0.105400 ms MarkObjects: 5.785300 ms  DeleteObjects: 0.220100 ms)

AssetImportParameters requested are different than current active one (requested -> active):
  custom:framework-win-MediaFoundation: 216162199b28c13a410421893ffa2e32 -> 
  custom:video-decoder-ogg-theora: a1e56fd34408186e4bbccfd4996cb3dc -> 
  custom:container-muxer-webm: aa71ff27fc2769a1b78a27578f13a17b -> 
  custom:container-demuxer-webm: 4f35f7cbe854078d1ac9338744f61a02 -> 
  custom:container-demuxer-ogg: 62fdf1f143b41e24485cea50d1cbac27 -> 
  custom:video-encoder-webm-vp8: eb34c28f22e8b96e1ab97ce403110664 -> 
  custom:video-codec-MediaFoundation-h265: 746d11721c4dcdbdad8f713fa42b33f4 -> 
  custom:video-decoder-webm-vp8: 9c59270c3fd7afecdb556c50c9e8de78 -> 
  custom:audio-decoder-ogg-vorbis: bf7c407c2cedff20999df2af8eb42d56 -> 
  custom:audio-encoder-webm-vorbis: bf7c407c2cedff20999df2af8eb42d56 -> 
========================================================================
Received Import Request.
  path: Assets/New Terrain.asset
  artifactKey: Guid(9695156ba35b98b419e9ec254d69b073) Importer(815301076,1909f56bfc062723c751e8b465ee728b)
Start importing Assets/New Terrain.asset using Guid(9695156ba35b98b419e9ec254d69b073) Importer(815301076,1909f56bfc062723c751e8b465ee728b)  -> (artifact id: '3735a1f8e366ca306bd872644d5f8619') in 0.114184 seconds 
  Import took 0.119204 seconds .

========================================================================
Received Import Request.
  Time since last request: 251.191560 seconds.
  path: Assets/TerrainData_f5916e26-2302-4cbf-85ed-ff3adc5d900c.asset
  artifactKey: Guid(2922186f70e981141b996f397d72c6f5) Importer(815301076,1909f56bfc062723c751e8b465ee728b)
Start importing Assets/TerrainData_f5916e26-2302-4cbf-85ed-ff3adc5d900c.asset using Guid(2922186f70e981141b996f397d72c6f5) Importer(815301076,1909f56bfc062723c751e8b465ee728b)  -> (artifact id: '2b29c57727d493ee52f9999474de0ed5') in 0.038561 seconds 
  Import took 0.045410 seconds .

========================================================================
Received Import Request.
  Time since last request: 1.294195 seconds.
  path: Assets/TerrainData_cb4ec385-ad68-4540-bf87-79ce5aae4763.asset
  artifactKey: Guid(cfa5f64b96cd9684280d5240ab3c4e30) Importer(815301076,1909f56bfc062723c751e8b465ee728b)
Start importing Assets/TerrainData_cb4ec385-ad68-4540-bf87-79ce5aae4763.asset using Guid(cfa5f64b96cd9684280d5240ab3c4e30) Importer(815301076,1909f56bfc062723c751e8b465ee728b)  -> (artifact id: '1f37603365bb6c68f5af68be706ab041') in 0.034877 seconds 
  Import took 0.042257 seconds .

========================================================================
Received Import Request.
  Time since last request: 1.146643 seconds.
  path: Assets/TerrainData_38c65c91-1210-43d0-bea0-65a1ef61b65b.asset
  artifactKey: Guid(babbcdd894383ba48a19148e1eed1b2d) Importer(815301076,1909f56bfc062723c751e8b465ee728b)
Start importing Assets/TerrainData_38c65c91-1210-43d0-bea0-65a1ef61b65b.asset using Guid(babbcdd894383ba48a19148e1eed1b2d) Importer(815301076,1909f56bfc062723c751e8b465ee728b)  -> (artifact id: '03cb8e68ade2edb191958dc7e611f32e') in 0.038010 seconds 
  Import took 0.046067 seconds .

========================================================================
Received Import Request.
  Time since last request: 538.563710 seconds.
  path: Assets/Scenes/SampleScene.unity
  artifactKey: Guid(9fc0d4010bbf28b4594072e72b8655ab) Importer(815301076,1909f56bfc062723c751e8b465ee728b)
Start importing Assets/Scenes/SampleScene.unity using Guid(9fc0d4010bbf28b4594072e72b8655ab) Importer(815301076,1909f56bfc062723c751e8b465ee728b)  -> (artifact id: 'dcc088d1731b590f9572c6f2bab98c6a') in 0.029559 seconds 
  Import took 0.035085 seconds .

========================================================================
Received Import Request.
  Time since last request: 64.914451 seconds.
  path: Assets/SHADED - FREE Retro Car/Prefabs With Colliders
  artifactKey: Guid(69a225a4e604d664db759fd791502652) Importer(815301076,1909f56bfc062723c751e8b465ee728b)
Start importing Assets/SHADED - FREE Retro Car/Prefabs With Colliders using Guid(69a225a4e604d664db759fd791502652) Importer(815301076,1909f56bfc062723c751e8b465ee728b)  -> (artifact id: '56002b3c8cfd172acaba8213f3a312e4') in 0.027157 seconds 
  Import took 0.032652 seconds .

========================================================================
Received Import Request.
  Time since last request: 0.021107 seconds.
  path: Assets/SHADED - FREE Retro Car/Prefabs With Colliders/FREE_Retro_Car_Beige.prefab
  artifactKey: Guid(ec8550df4628b9b44a042019dfff6047) Importer(815301076,1909f56bfc062723c751e8b465ee728b)
Start importing Assets/SHADED - FREE Retro Car/Prefabs With Colliders/FREE_Retro_Car_Beige.prefab using Guid(ec8550df4628b9b44a042019dfff6047) Importer(815301076,1909f56bfc062723c751e8b465ee728b)  -> (artifact id: '84e6553e14499d125288988f8e9270ff') in 0.855457 seconds 
  Import took 0.860878 seconds .

========================================================================
Received Import Request.
  Time since last request: 0.000447 seconds.
  path: Assets/SHADED - FREE Retro Car/Prefabs With Colliders/FREE_Retro_Car_Pink.prefab
  artifactKey: Guid(4b50f01b9c192c8449e98c843e920eb7) Importer(815301076,1909f56bfc062723c751e8b465ee728b)
Start importing Assets/SHADED - FREE Retro Car/Prefabs With Colliders/FREE_Retro_Car_Pink.prefab using Guid(4b50f01b9c192c8449e98c843e920eb7) Importer(815301076,1909f56bfc062723c751e8b465ee728b)  -> (artifact id: '1916c34dcc2cec984da0aa214fe2db53') in 0.084637 seconds 
  Import took 0.090745 seconds .

========================================================================
Received Import Request.
  Time since last request: 0.000542 seconds.
  path: Assets/SHADED - FREE Retro Car/Prefabs With Colliders/FREE_Retro_Car_Yellow.prefab
  artifactKey: Guid(a806cbaa553f7be4bbdb2e810fe9f8f2) Importer(815301076,1909f56bfc062723c751e8b465ee728b)
Start importing Assets/SHADED - FREE Retro Car/Prefabs With Colliders/FREE_Retro_Car_Yellow.prefab using Guid(a806cbaa553f7be4bbdb2e810fe9f8f2) Importer(815301076,1909f56bfc062723c751e8b465ee728b)  -> (artifact id: 'a15361b00a1310ea46beac015419385a') in 0.056592 seconds 
  Import took 0.064261 seconds .

========================================================================
Received Import Request.
  Time since last request: 0.000421 seconds.
  path: Assets/SHADED - FREE Retro Car/Prefabs With Colliders/FREE_Retro_Car_Red.prefab
  artifactKey: Guid(5e6116faab3e30f4f976f3f20f408729) Importer(815301076,1909f56bfc062723c751e8b465ee728b)
Start importing Assets/SHADED - FREE Retro Car/Prefabs With Colliders/FREE_Retro_Car_Red.prefab using Guid(5e6116faab3e30f4f976f3f20f408729) Importer(815301076,1909f56bfc062723c751e8b465ee728b)  -> (artifact id: '2994b545f71a0bf54898f96789d0bf54') in 0.049724 seconds 
  Import took 0.056791 seconds .

========================================================================
Received Import Request.
  Time since last request: 37.460336 seconds.
  path: Assets/SHADED - FREE Retro Car/Textures/SHADED_FREE_Retro_Car_Alternative_Texture_Atlas.png
  artifactKey: Guid(143fc905c0ff98b4983b62c0cc04f7a0) Importer(815301076,1909f56bfc062723c751e8b465ee728b)
Start importing Assets/SHADED - FREE Retro Car/Textures/SHADED_FREE_Retro_Car_Alternative_Texture_Atlas.png using Guid(143fc905c0ff98b4983b62c0cc04f7a0) Importer(815301076,1909f56bfc062723c751e8b465ee728b)  -> (artifact id: 'ecd426f4b8925cf9fee60f038a3d86e6') in 0.439265 seconds 
  Import took 0.445164 seconds .

========================================================================
Received Import Request.
  Time since last request: 0.000505 seconds.
  path: Assets/SHADED - FREE Retro Car/Textures/SHADED_FREE_Retro_Car_Texture_Atlas.png
  artifactKey: Guid(4397594debdf347489e570583e61508a) Importer(815301076,1909f56bfc062723c751e8b465ee728b)
Start importing Assets/SHADED - FREE Retro Car/Textures/SHADED_FREE_Retro_Car_Texture_Atlas.png using Guid(4397594debdf347489e570583e61508a) Importer(815301076,1909f56bfc062723c751e8b465ee728b)  -> (artifact id: '862af413f5060e04d825a700ef884528') in 0.031789 seconds 
  Import took 0.037494 seconds .

========================================================================
Received Import Request.
  Time since last request: 0.996904 seconds.
  path: Assets/SHADED - FREE Retro Car/Materials/Road.mat
  artifactKey: Guid(cfc0d9a79ef0bca488de3d3a20247e74) Importer(815301076,1909f56bfc062723c751e8b465ee728b)
Start importing Assets/SHADED - FREE Retro Car/Materials/Road.mat using Guid(cfc0d9a79ef0bca488de3d3a20247e74) Importer(815301076,1909f56bfc062723c751e8b465ee728b)  -> (artifact id: '5db730c971368bdf62309704708da00d') in 0.634923 seconds 
  Import took 0.641064 seconds .

========================================================================
Received Import Request.
  Time since last request: 0.000503 seconds.
  path: Assets/SHADED - FREE Retro Car/Materials/SHADED_FRC_Texture_Atlas.mat
  artifactKey: Guid(d7b052e2b6aeeff488481dceeeacb95e) Importer(815301076,1909f56bfc062723c751e8b465ee728b)
Start importing Assets/SHADED - FREE Retro Car/Materials/SHADED_FRC_Texture_Atlas.mat using Guid(d7b052e2b6aeeff488481dceeeacb95e) Importer(815301076,1909f56bfc062723c751e8b465ee728b)  -> (artifact id: 'f2fbeeaf72bcc21dbdc43430b2853c89') in 0.030956 seconds 
  Import took 0.035634 seconds .

========================================================================
Received Import Request.
  Time since last request: 0.025250 seconds.
  path: Assets/SHADED - FREE Retro Car/Prefabs/FREE_Retro_Car_Beige.prefab
  artifactKey: Guid(f97ffc12597c366409ca13b7ba883c7f) Importer(815301076,1909f56bfc062723c751e8b465ee728b)
Start importing Assets/SHADED - FREE Retro Car/Prefabs/FREE_Retro_Car_Beige.prefab using Guid(f97ffc12597c366409ca13b7ba883c7f) Importer(815301076,1909f56bfc062723c751e8b465ee728b)  -> (artifact id: '777e21240b5ed6dbba0c5c2be86597df') in 0.045677 seconds 
  Import took 0.050806 seconds .

========================================================================
Received Import Request.
  Time since last request: 0.000470 seconds.
  path: Assets/SHADED - FREE Retro Car/Prefabs/FREE_Retro_Car_Yellow.prefab
  artifactKey: Guid(7bc9ba49f6b3e3942b5f4178e6a4de31) Importer(815301076,1909f56bfc062723c751e8b465ee728b)
Start importing Assets/SHADED - FREE Retro Car/Prefabs/FREE_Retro_Car_Yellow.prefab using Guid(7bc9ba49f6b3e3942b5f4178e6a4de31) Importer(815301076,1909f56bfc062723c751e8b465ee728b)  -> (artifact id: '6728b65580bd5a8ed86a50be34560b11') in 0.034225 seconds 
  Import took 0.040353 seconds .

========================================================================
Received Import Request.
  Time since last request: 0.000441 seconds.
  path: Assets/SHADED - FREE Retro Car/Prefabs/FREE_Retro_Car_Pink.prefab
  artifactKey: Guid(d796b479ba1e5b74b806db3224d23c59) Importer(815301076,1909f56bfc062723c751e8b465ee728b)
Start importing Assets/SHADED - FREE Retro Car/Prefabs/FREE_Retro_Car_Pink.prefab using Guid(d796b479ba1e5b74b806db3224d23c59) Importer(815301076,1909f56bfc062723c751e8b465ee728b)  -> (artifact id: 'de8263195d9b73b715ceff6224c7b2bd') in 0.039765 seconds 
  Import took 0.045193 seconds .

========================================================================
Received Import Request.
  Time since last request: 0.000490 seconds.
  path: Assets/SHADED - FREE Retro Car/Prefabs/FREE_Retro_Car_Red.prefab
  artifactKey: Guid(4aa5450ceaf2be547ad997e7d501f5ac) Importer(815301076,1909f56bfc062723c751e8b465ee728b)
Start importing Assets/SHADED - FREE Retro Car/Prefabs/FREE_Retro_Car_Red.prefab using Guid(4aa5450ceaf2be547ad997e7d501f5ac) Importer(815301076,1909f56bfc062723c751e8b465ee728b)  -> (artifact id: 'b65573ec388dfdd552cdcf4807a15ed8') in 0.035330 seconds 
  Import took 0.040295 seconds .

========================================================================
Received Import Request.
  Time since last request: 108.051056 seconds.
  path: Assets/SHADED - FREE Retro Car/Meshes/SHADED_Free_Retro_Car_Beige.fbx
  artifactKey: Guid(ffdd2ce3a2a933248a39696a3ceaacd8) Importer(815301076,1909f56bfc062723c751e8b465ee728b)
Start importing Assets/SHADED - FREE Retro Car/Meshes/SHADED_Free_Retro_Car_Beige.fbx using Guid(ffdd2ce3a2a933248a39696a3ceaacd8) Importer(815301076,1909f56bfc062723c751e8b465ee728b)  -> (artifact id: 'd376fd97266e248e96a99b4f14ec381b') in 0.928117 seconds 
  Import took 0.934332 seconds .

========================================================================
Received Import Request.
  Time since last request: 0.000542 seconds.
  path: Assets/SHADED - FREE Retro Car/Meshes/SHADED_Free_Retro_Car_Pink.fbx
  artifactKey: Guid(588c8bf741ce880479e1552cc1f6fd69) Importer(815301076,1909f56bfc062723c751e8b465ee728b)
Start importing Assets/SHADED - FREE Retro Car/Meshes/SHADED_Free_Retro_Car_Pink.fbx using Guid(588c8bf741ce880479e1552cc1f6fd69) Importer(815301076,1909f56bfc062723c751e8b465ee728b)  -> (artifact id: '96b6932e05ddecd706e20e3e9a405664') in 0.036649 seconds 
  Import took 0.041315 seconds .

========================================================================
Received Import Request.
  Time since last request: 0.000433 seconds.
  path: Assets/SHADED - FREE Retro Car/Meshes/SHADED_Free_Retro_Car_Red.fbx
  artifactKey: Guid(d50474d32701f634e847f42c0a81dc1b) Importer(815301076,1909f56bfc062723c751e8b465ee728b)
Start importing Assets/SHADED - FREE Retro Car/Meshes/SHADED_Free_Retro_Car_Red.fbx using Guid(d50474d32701f634e847f42c0a81dc1b) Importer(815301076,1909f56bfc062723c751e8b465ee728b)  -> (artifact id: '4b8c104859e02086b62cb00b9e9b925d') in 0.046731 seconds 
  Import took 0.054174 seconds .

========================================================================
Received Import Request.
  Time since last request: 0.000474 seconds.
  path: Assets/SHADED - FREE Retro Car/Meshes/SHADED_Free_Retro_Car_Yellow.fbx
  artifactKey: Guid(14575b02f512a104da55883f141a7da8) Importer(815301076,1909f56bfc062723c751e8b465ee728b)
Start importing Assets/SHADED - FREE Retro Car/Meshes/SHADED_Free_Retro_Car_Yellow.fbx using Guid(14575b02f512a104da55883f141a7da8) Importer(815301076,1909f56bfc062723c751e8b465ee728b)  -> (artifact id: 'c4f1c572855b4d664e8055f17ae5da77') in 0.046458 seconds 
  Import took 0.051909 seconds .

========================================================================
Received Import Request.
  Time since last request: 0.000475 seconds.
  path: Assets/SHADED - FREE Retro Car/Meshes/Shadows.fbx
  artifactKey: Guid(1778ca5c41cb8e448a1e3b4fe6562407) Importer(815301076,1909f56bfc062723c751e8b465ee728b)
Start importing Assets/SHADED - FREE Retro Car/Meshes/Shadows.fbx using Guid(1778ca5c41cb8e448a1e3b4fe6562407) Importer(815301076,1909f56bfc062723c751e8b465ee728b)  -> (artifact id: '47fdf119424fee892ef09bab3cf87f7f') in 0.038304 seconds 
  Import took 0.044595 seconds .

========================================================================
Received Import Request.
  Time since last request: 0.000495 seconds.
  path: Assets/SHADED - FREE Retro Car/Meshes/Wheels.fbx
  artifactKey: Guid(553258feef67f7e40b0a21a2b3a23898) Importer(815301076,1909f56bfc062723c751e8b465ee728b)
Start importing Assets/SHADED - FREE Retro Car/Meshes/Wheels.fbx using Guid(553258feef67f7e40b0a21a2b3a23898) Importer(815301076,1909f56bfc062723c751e8b465ee728b)  -> (artifact id: '807f3790f80c9716dc45a12e7080fe00') in 0.109406 seconds 
  Import took 0.114812 seconds .

========================================================================
Received Import Request.
  Time since last request: 22.990818 seconds.
  path: Assets/SHADED - FREE Retro Car
  artifactKey: Guid(6128003992508714f989c74ab0e73a2c) Importer(815301076,1909f56bfc062723c751e8b465ee728b)
Start importing Assets/SHADED - FREE Retro Car using Guid(6128003992508714f989c74ab0e73a2c) Importer(815301076,1909f56bfc062723c751e8b465ee728b)  -> (artifact id: '2f421fc34aed3bd93de1844d1f4f4efc') in 0.015335 seconds 
  Import took 0.019959 seconds .

========================================================================
Received Import Request.
  Time since last request: 1.134662 seconds.
  path: Assets/SHADED - FREE Retro Car/Textures
  artifactKey: Guid(8e88f92b8ac48b84982f0af96fc56718) Importer(815301076,1909f56bfc062723c751e8b465ee728b)
Start importing Assets/SHADED - FREE Retro Car/Textures using Guid(8e88f92b8ac48b84982f0af96fc56718) Importer(815301076,1909f56bfc062723c751e8b465ee728b)  -> (artifact id: '14167af98ad0457d983e6c7559b5a291') in 0.015197 seconds 
  Import took 0.020936 seconds .

========================================================================
Received Import Request.
  Time since last request: 2.702409 seconds.
  path: Assets/SHADED - FREE Retro Car/Scenes
  artifactKey: Guid(2a7c2c7073e7fce41b88d2d01b73cd01) Importer(815301076,1909f56bfc062723c751e8b465ee728b)
Start importing Assets/SHADED - FREE Retro Car/Scenes using Guid(2a7c2c7073e7fce41b88d2d01b73cd01) Importer(815301076,1909f56bfc062723c751e8b465ee728b)  -> (artifact id: '6205f075c30f5db6d5c24aedd662269b') in 0.013699 seconds 
  Import took 0.018639 seconds .

========================================================================
Received Import Request.
  Time since last request: 1.840195 seconds.
  path: Assets/SHADED - FREE Retro Car/Scenes/demo.unity
  artifactKey: Guid(57a7cdf179656dc45a20c7b52424b823) Importer(815301076,1909f56bfc062723c751e8b465ee728b)
Start importing Assets/SHADED - FREE Retro Car/Scenes/demo.unity using Guid(57a7cdf179656dc45a20c7b52424b823) Importer(815301076,1909f56bfc062723c751e8b465ee728b)  -> (artifact id: '6de100ddfb28ddf53aaad2585302bf38') in 0.017748 seconds 
  Import took 0.023021 seconds .

========================================================================
Received Import Request.
  Time since last request: 109.211303 seconds.
  path: Assets/New Terrain.asset
  artifactKey: Guid(9695156ba35b98b419e9ec254d69b073) Importer(815301076,1909f56bfc062723c751e8b465ee728b)
Start importing Assets/New Terrain.asset using Guid(9695156ba35b98b419e9ec254d69b073) Importer(815301076,1909f56bfc062723c751e8b465ee728b)  -> (artifact id: '49c2c9d8e4d72605ac4b830576c0a5c1') in 0.025587 seconds 
  Import took 0.032407 seconds .

========================================================================
Received Import Request.
  Time since last request: 792.081551 seconds.
  path: Assets/SHADED - FREE Retro Car/Materials/Road 1.mat
  artifactKey: Guid(810f8c9e2a1094f47b86f449449fd180) Importer(815301076,1909f56bfc062723c751e8b465ee728b)
Start importing Assets/SHADED - FREE Retro Car/Materials/Road 1.mat using Guid(810f8c9e2a1094f47b86f449449fd180) Importer(815301076,1909f56bfc062723c751e8b465ee728b)  -> (artifact id: '6d572257768c72995ee0bc4ec4efd4bc') in 0.047727 seconds 
  Import took 0.055040 seconds .

========================================================================
Received Import Request.
  Time since last request: 521.575749 seconds.
  path: Assets/SHADED - FREE Retro Car/Materials/Road 2.mat
  artifactKey: Guid(b095690d1140e7e47828653ac5957002) Importer(815301076,1909f56bfc062723c751e8b465ee728b)
Start importing Assets/SHADED - FREE Retro Car/Materials/Road 2.mat using Guid(b095690d1140e7e47828653ac5957002) Importer(815301076,1909f56bfc062723c751e8b465ee728b)  -> (artifact id: '2d369fc425614b88e550132053dd9f29') in 0.039348 seconds 
  Import took 0.047537 seconds .

========================================================================
Received Import Request.
  Time since last request: 1181.719154 seconds.
  path: Assets/SHADED - FREE Retro Car/Materials/Road 3.mat
  artifactKey: Guid(79415a1ae5baabb4f80f50ade6460310) Importer(815301076,1909f56bfc062723c751e8b465ee728b)
Start importing Assets/SHADED - FREE Retro Car/Materials/Road 3.mat using Guid(79415a1ae5baabb4f80f50ade6460310) Importer(815301076,1909f56bfc062723c751e8b465ee728b)  -> (artifact id: '81f6aabd513784afce211301fe3d05d2') in 0.087306 seconds 
  Import took 0.095919 seconds .

========================================================================
Received Import Request.
  Time since last request: 453.952521 seconds.
  path: Assets/SHADED - FREE Retro Car/Materials
  artifactKey: Guid(4aab962801d83c54f8e20848ff467b44) Importer(815301076,1909f56bfc062723c751e8b465ee728b)
Start importing Assets/SHADED - FREE Retro Car/Materials using Guid(4aab962801d83c54f8e20848ff467b44) Importer(815301076,1909f56bfc062723c751e8b465ee728b)  -> (artifact id: 'cb7826063f59081465e1e0689cc1078a') in 0.019755 seconds 
  Import took 0.027110 seconds .

========================================================================
Received Prepare
Registering precompiled user dll's ...
Registered in 0.016388 seconds.
Begin MonoManager ReloadAssembly
Native extension for WindowsStandalone target not found
Refreshing native plugins compatible for Editor in 0.67 ms, found 2 plugins.
Preloading 0 native plugins for Editor in 0.00 ms.
Mono: successfully reloaded assembly
- Completed reload, in  2.792 seconds
Domain Reload Profiling:
	ReloadAssembly (2795ms)
		BeginReloadAssembly (735ms)
			ExecutionOrderSort (0ms)
			DisableScriptedObjects (262ms)
			BackupInstance (0ms)
			ReleaseScriptingObjects (0ms)
			CreateAndSetChildDomain (267ms)
		EndReloadAssembly (1892ms)
			LoadAssemblies (229ms)
			RebuildTransferFunctionScriptingTraits (0ms)
			SetupTypeCache (669ms)
			ReleaseScriptCaches (1ms)
			RebuildScriptCaches (91ms)
			SetupLoadedEditorAssemblies (682ms)
				LogAssemblyErrors (0ms)
				InitializePlatformSupportModulesInManaged (12ms)
				SetLoadedEditorAssemblies (1ms)
				RefreshPlugins (1ms)
				BeforeProcessingInitializeOnLoad (187ms)
				ProcessInitializeOnLoadAttributes (439ms)
				ProcessInitializeOnLoadMethodAttributes (24ms)
				AfterProcessingInitializeOnLoad (17ms)
				EditorAssembliesLoaded (1ms)
			ExecutionOrderSort2 (0ms)
			AwakeInstancesAfterBackupRestoration (18ms)
Platform modules already initialized, skipping
Refreshing native plugins compatible for Editor in 0.66 ms, found 2 plugins.
Preloading 0 native plugins for Editor in 0.00 ms.
Unloading 1482 Unused Serialized files (Serialized files now loaded: 0)
System memory in use before: 82.8 MB.
System memory in use after: 82.9 MB.

Unloading 15 unused Assets to reduce memory usage. Loaded Objects now: 1980.
Total: 6.715000 ms (FindLiveObjects: 0.327500 ms CreateObjectMapping: 0.098300 ms MarkObjects: 6.232300 ms  DeleteObjects: 0.054500 ms)

AssetImportParameters requested are different than current active one (requested -> active):
  custom:framework-win-MediaFoundation: 216162199b28c13a410421893ffa2e32 -> 
  custom:video-decoder-ogg-theora: a1e56fd34408186e4bbccfd4996cb3dc -> 
  custom:container-muxer-webm: aa71ff27fc2769a1b78a27578f13a17b -> 
  custom:container-demuxer-webm: 4f35f7cbe854078d1ac9338744f61a02 -> 
  custom:container-demuxer-ogg: 62fdf1f143b41e24485cea50d1cbac27 -> 
  custom:video-encoder-webm-vp8: eb34c28f22e8b96e1ab97ce403110664 -> 
  custom:video-codec-MediaFoundation-h265: 746d11721c4dcdbdad8f713fa42b33f4 -> 
  custom:video-decoder-webm-vp8: 9c59270c3fd7afecdb556c50c9e8de78 -> 
  custom:audio-decoder-ogg-vorbis: bf7c407c2cedff20999df2af8eb42d56 -> 
  custom:audio-encoder-webm-vorbis: bf7c407c2cedff20999df2af8eb42d56 -> 
========================================================================
Received Import Request.
  Time since last request: 2650.583220 seconds.
  path: Assets/SHADED - FREE Retro Car/Materials/Road 2.mat
  artifactKey: Guid(b095690d1140e7e47828653ac5957002) Importer(815301076,1909f56bfc062723c751e8b465ee728b)
Start importing Assets/SHADED - FREE Retro Car/Materials/Road 2.mat using Guid(b095690d1140e7e47828653ac5957002) Importer(815301076,1909f56bfc062723c751e8b465ee728b)  -> (artifact id: '193d9deb0a135ba1c189cf51054eb6b7') in 0.081992 seconds 
  Import took 0.085239 seconds .

========================================================================
Received Import Request.
  Time since last request: 0.000354 seconds.
  path: Assets/SHADED - FREE Retro Car/Materials/Road 3.mat
  artifactKey: Guid(79415a1ae5baabb4f80f50ade6460310) Importer(815301076,1909f56bfc062723c751e8b465ee728b)
Start importing Assets/SHADED - FREE Retro Car/Materials/Road 3.mat using Guid(79415a1ae5baabb4f80f50ade6460310) Importer(815301076,1909f56bfc062723c751e8b465ee728b)  -> (artifact id: '49e0829de9dce6b9a1725ecbb564b234') in 0.017080 seconds 
  Import took 0.021613 seconds .

========================================================================
Received Import Request.
  Time since last request: 0.000246 seconds.
  path: Assets/SHADED - FREE Retro Car/Materials/Road.mat
  artifactKey: Guid(cfc0d9a79ef0bca488de3d3a20247e74) Importer(815301076,1909f56bfc062723c751e8b465ee728b)
Start importing Assets/SHADED - FREE Retro Car/Materials/Road.mat using Guid(cfc0d9a79ef0bca488de3d3a20247e74) Importer(815301076,1909f56bfc062723c751e8b465ee728b)  -> (artifact id: '28eb05f3a1dfe6af4b0782838f3eaa5d') in 0.016541 seconds 
  Import took 0.020586 seconds .

========================================================================
Received Import Request.
  Time since last request: 57.676676 seconds.
  path: Assets/Scenes/CarroPista.unity
  artifactKey: Guid(020e387b97ac50d4888e5b317ee484c8) Importer(815301076,1909f56bfc062723c751e8b465ee728b)
Start importing Assets/Scenes/CarroPista.unity using Guid(020e387b97ac50d4888e5b317ee484c8) Importer(815301076,1909f56bfc062723c751e8b465ee728b)  -> (artifact id: '62ad834406f3bd8bc123201a806c7047') in 0.028150 seconds 
  Import took 0.042568 seconds .

========================================================================
Received Import Request.
  Time since last request: 93.997195 seconds.
  path: Assets/Materials/Road 4.mat
  artifactKey: Guid(44012b67d19808641b66990d0c1ec2d1) Importer(815301076,1909f56bfc062723c751e8b465ee728b)
Start importing Assets/Materials/Road 4.mat using Guid(44012b67d19808641b66990d0c1ec2d1) Importer(815301076,1909f56bfc062723c751e8b465ee728b)  -> (artifact id: '2f4d441bf47d4d06d9ece27b13caf90b') in 0.044963 seconds 
  Import took 0.050991 seconds .

========================================================================
Received Import Request.
  Time since last request: 27.647309 seconds.
  path: Assets/Scenes/CarroPista.unity
  artifactKey: Guid(020e387b97ac50d4888e5b317ee484c8) Importer(815301076,1909f56bfc062723c751e8b465ee728b)
Start importing Assets/Scenes/CarroPista.unity using Guid(020e387b97ac50d4888e5b317ee484c8) Importer(815301076,1909f56bfc062723c751e8b465ee728b)  -> (artifact id: 'cc3d68d93fbe990f0c5599dc2acb17b3') in 0.006722 seconds 
  Import took 0.012048 seconds .

AssetImportWorkerClient::OnTransportError - code=2 error=End of file
